\BOOKMARK [1][-]{section.1}{\376\377\137\025\212\000}{}% 1
\BOOKMARK [2][-]{subsection.1.1}{\376\377\177\026\121\231\166\356\166\204}{section.1}% 2
\BOOKMARK [2][-]{subsection.1.2}{\376\377\220\002\165\050\203\003\126\364}{section.1}% 3
\BOOKMARK [2][-]{subsection.1.3}{\376\377\147\057\213\355\213\364\146\016}{section.1}% 4
\BOOKMARK [1][-]{section.2}{\376\377\217\157\116\366\151\202\217\360}{}% 5
\BOOKMARK [2][-]{subsection.2.1}{\376\377\217\157\116\366\173\200\116\313}{section.2}% 6
\BOOKMARK [2][-]{subsection.2.2}{\376\377\116\073\211\201\122\237\200\375}{section.2}% 7
\BOOKMARK [2][-]{subsection.2.3}{\376\377\217\157\116\366\162\171\160\271}{section.2}% 8
\BOOKMARK [1][-]{section.3}{\376\377\217\320\210\114\163\257\130\203}{}% 9
\BOOKMARK [2][-]{subsection.3.1}{\376\377\170\154\116\366\211\201\154\102}{section.3}% 10
\BOOKMARK [2][-]{subsection.3.2}{\376\377\217\157\116\366\163\257\130\203}{section.3}% 11
\BOOKMARK [1][-]{section.4}{\376\377\133\211\210\305\116\016\123\170\217\175}{}% 12
\BOOKMARK [2][-]{subsection.4.1}{\376\377\217\157\116\366\133\211\210\305}{section.4}% 13
\BOOKMARK [3][-]{subsubsection.4.1.1}{\376\377\220\350\177\162\153\145\232\244\377\010\000W\000e\000b\172\357\377\011}{subsection.4.1}% 14
\BOOKMARK [3][-]{subsubsection.4.1.2}{\376\377\133\211\210\305\153\145\232\244\377\010\133\242\142\067\172\357\377\011}{subsection.4.1}% 15
\BOOKMARK [2][-]{subsection.4.2}{\376\377\217\157\116\366\123\170\217\175}{section.4}% 16
\BOOKMARK [1][-]{section.5}{\376\377\122\237\200\375\144\315\117\134\213\364\146\016}{}% 17
\BOOKMARK [2][-]{subsection.5.1}{\376\377\166\173\137\125\000/\154\350\121\214}{section.5}% 18
\BOOKMARK [2][-]{subsection.5.2}{\376\377\116\073\165\114\227\142\151\202\211\310}{section.5}% 19
\BOOKMARK [2][-]{subsection.5.3}{\376\377\060\020\122\237\200\375\152\041\127\127\116\000\060\021}{section.5}% 20
\BOOKMARK [2][-]{subsection.5.4}{\376\377\060\020\122\237\200\375\152\041\127\127\116\214\060\021}{section.5}% 21
\BOOKMARK [2][-]{subsection.5.5}{\376\377\060\020\122\237\200\375\152\041\127\127\116\011\060\021}{section.5}% 22
\BOOKMARK [1][-]{section.6}{\376\377\136\070\211\301\225\356\230\230\116\016\145\105\226\234\143\222\226\144}{}% 23
